<?xml version="1.0" encoding="UTF-8"?>
<testng-results ignored="0" total="1" passed="1" failed="0" skipped="0">
  <reporter-output>
  </reporter-output>
  <suite started-at="2021-09-23T15:54:49 IST" name="InetBankingV1" finished-at="2021-09-23T15:54:59 IST" duration-ms="10341">
    <groups>
    </groups>
    <test started-at="2021-09-23T15:54:49 IST" name="BankingApp Test" finished-at="2021-09-23T15:54:59 IST" duration-ms="10341">
      <class name="com.inetBanking.testCases.TC_LoginTest_001">
        <test-method is-config="true" signature="setUp(java.lang.String)[pri:0, instance:com.inetBanking.testCases.TC_LoginTest_001@d6da883]" started-at="2021-09-23T15:54:49 IST" name="setUp" finished-at="2021-09-23T15:54:53 IST" duration-ms="3544" status="PASS">
          <params>
            <param index="0">
              <value>
                <![CDATA[chrome]]>
              </value>
            </param>
          </params>
          <reporter-output>
          </reporter-output>
        </test-method> <!-- setUp -->
        <test-method signature="loginTest()[pri:0, instance:com.inetBanking.testCases.TC_LoginTest_001@d6da883]" started-at="2021-09-23T15:54:53 IST" name="loginTest" finished-at="2021-09-23T15:54:58 IST" duration-ms="5480" status="PASS">
          <reporter-output>
          </reporter-output>
        </test-method> <!-- loginTest -->
        <test-method is-config="true" signature="tearDown()[pri:0, instance:com.inetBanking.testCases.TC_LoginTest_001@d6da883]" started-at="2021-09-23T15:54:58 IST" name="tearDown" finished-at="2021-09-23T15:54:59 IST" duration-ms="815" status="PASS">
          <reporter-output>
          </reporter-output>
        </test-method> <!-- tearDown -->
      </class> <!-- com.inetBanking.testCases.TC_LoginTest_001 -->
    </test> <!-- BankingApp Test -->
  </suite> <!-- InetBankingV1 -->
</testng-results>
